0 info it worked if it ends with ok
1 verbose cli [ '/usr/bin/node', '/usr/bin/npm', 'install', '--save', 'jquery' ]
2 info using npm@1.4.28
3 info using node@v0.10.38
4 warn package.json quotes_list@1.0.0 No repository field.
5 warn package.json quotes_list@1.0.0 No README data
6 verbose readDependencies using package.json deps
7 verbose cache add [ 'jquery', null ]
8 verbose cache add name=undefined spec="jquery" args=["jquery",null]
9 verbose parsed url { protocol: null,
9 verbose parsed url   slashes: null,
9 verbose parsed url   auth: null,
9 verbose parsed url   host: null,
9 verbose parsed url   port: null,
9 verbose parsed url   hostname: null,
9 verbose parsed url   hash: null,
9 verbose parsed url   search: null,
9 verbose parsed url   query: null,
9 verbose parsed url   pathname: 'jquery',
9 verbose parsed url   path: 'jquery',
9 verbose parsed url   href: 'jquery' }
10 silly lockFile 6f2ab963-jquery jquery
11 verbose lock jquery /home/rytis/.npm/6f2ab963-jquery.lock
12 silly lockFile 6f2ab963-jquery jquery
13 silly lockFile 6f2ab963-jquery jquery
14 verbose addNamed [ 'jquery', '' ]
15 verbose addNamed [ null, '*' ]
16 silly lockFile 039e748d-jquery jquery@
17 verbose lock jquery@ /home/rytis/.npm/039e748d-jquery.lock
18 silly addNameRange { name: 'jquery', range: '*', hasData: false }
19 verbose request where is /jquery
20 verbose request registry https://registry.npmjs.org/
21 verbose request id c706b566fcb68670
22 verbose url raw /jquery
23 verbose url resolving [ 'https://registry.npmjs.org/', './jquery' ]
24 verbose url resolved https://registry.npmjs.org/jquery
25 verbose request where is https://registry.npmjs.org/jquery
26 info trying registry request attempt 1 at 19:48:07
27 http GET https://registry.npmjs.org/jquery
28 info retry will retry, error on last attempt: Error: getaddrinfo EIO
29 info trying registry request attempt 2 at 19:48:17
30 http GET https://registry.npmjs.org/jquery
31 info retry will retry, error on last attempt: Error: getaddrinfo EIO
32 info trying registry request attempt 3 at 19:49:17
33 http GET https://registry.npmjs.org/jquery
34 silly lockFile 039e748d-jquery jquery@
35 silly lockFile 039e748d-jquery jquery@
36 error Error: getaddrinfo EIO
36 error     at errnoException (dns.js:37:11)
36 error     at Object.onanswer [as oncomplete] (dns.js:124:16)
37 error If you need help, you may report this *entire* log,
37 error including the npm and node versions, at:
37 error     <http://github.com/npm/npm/issues>
38 error System Linux 4.0.4-303.fc22.x86_64
39 error command "/usr/bin/node" "/usr/bin/npm" "install" "--save" "jquery"
40 error cwd /home/rytis/Job/quotes_list
41 error node -v v0.10.38
42 error npm -v 1.4.28
43 error syscall getaddrinfo
44 error code EIO
45 error errno EIO
46 verbose exit [ 1, true ]
